0 verbose cli D:\nodejs\node.exe D:\nvm\v22.12.0\node_modules\npm\bin\npm-cli.js
1 info using npm@10.9.0
2 info using node@v22.12.0
3 silly config load:file:D:\nvm\v22.12.0\node_modules\npm\npmrc
4 silly config load:file:D:\WeChatProjects\MultiLearn\.npmrc
5 silly config load:file:C:\Users\Dawn\.npmrc
6 silly config load:file:D:\nvm\node_global\etc\npmrc
7 verbose title npm exec tsc --noEmit
8 verbose argv "exec" "--cache" ".\\.npm-cache" "--yes" "--package" "typescript" "--" "tsc" "--noEmit"
9 verbose logfile logs-max:10 dir:D:\WeChatProjects\MultiLearn\.npm-cache\_logs\2026-06-05T12_00_16_930Z-
10 verbose logfile D:\WeChatProjects\MultiLearn\.npm-cache\_logs\2026-06-05T12_00_16_930Z-debug-0.log
11 silly logfile done cleaning log files
12 silly packumentCache heap:4345298944 maxSize:1086324736 maxEntrySize:543162368
13 http fetch GET 200 https://registry.npmjs.org/typescript 981ms (cache revalidated)
14 silly packumentCache heap:4345298944 maxSize:1086324736 maxEntrySize:543162368
15 verbose cwd D:\WeChatProjects\MultiLearn
16 verbose os Windows_NT 10.0.26200
17 verbose node v22.12.0
18 verbose npm  v10.9.0
19 verbose exit 0
20 info ok
