0 verbose cli D:\nodejs\node.exe D:\nvm\v22.12.0\node_modules\npm\bin\npm-cli.js
1 info using npm@10.9.0
2 info using node@v22.12.0
3 silly config load:file:D:\nvm\v22.12.0\node_modules\npm\npmrc
4 silly config load:file:D:\WeChatProjects\MultiLearn\.npmrc
5 silly config load:file:C:\Users\Dawn\.npmrc
6 silly config load:file:D:\nvm\node_global\etc\npmrc
7 verbose title npm exec tsc --noEmit
8 verbose argv "exec" "--cache" ".\\.npm-cache" "--yes" "--package" "typescript" "--" "tsc" "--noEmit"
9 verbose logfile logs-max:10 dir:D:\WeChatProjects\MultiLearn\.npm-cache\_logs\2026-06-05T11_59_09_288Z-
10 verbose logfile D:\WeChatProjects\MultiLearn\.npm-cache\_logs\2026-06-05T11_59_09_288Z-debug-0.log
11 silly logfile done cleaning log files
12 silly packumentCache heap:4345298944 maxSize:1086324736 maxEntrySize:543162368
13 http fetch GET 200 https://registry.npmjs.org/typescript 916ms (cache revalidated)
14 silly packumentCache heap:4345298944 maxSize:1086324736 maxEntrySize:543162368
15 silly idealTree buildDeps
16 silly fetch manifest typescript@6.0.3
17 silly packumentCache full:https://registry.npmjs.org/typescript cache-miss
18 http fetch GET 200 https://registry.npmjs.org/typescript 6826ms (cache miss)
19 silly packumentCache full:https://registry.npmjs.org/typescript set size:undefined disposed:false
20 silly placeDep ROOT typescript@6.0.3 OK for:  want: 6.0.3
21 silly reify moves {}
22 silly audit bulk request { typescript: [ '6.0.3' ] }
23 silly tarball no local data for typescript@https://registry.npmjs.org/typescript/-/typescript-6.0.3.tgz. Extracting by manifest.
24 http fetch POST 200 https://registry.npmjs.org/-/npm/v1/security/advisories/bulk 264ms
25 silly audit report {}
26 http fetch GET 200 https://registry.npmjs.org/typescript/-/typescript-6.0.3.tgz 16068ms (cache miss)
27 verbose cwd D:\WeChatProjects\MultiLearn
28 verbose os Windows_NT 10.0.26200
29 verbose node v22.12.0
30 verbose npm  v10.9.0
31 verbose exit 2
32 verbose code 2
