0 verbose cli D:\nodejs\node.exe D:\nvm\v22.12.0\node_modules\npm\bin\npm-cli.js
1 info using npm@10.9.0
2 info using node@v22.12.0
3 silly config load:file:D:\nvm\v22.12.0\node_modules\npm\npmrc
4 silly config load:file:D:\WeChatProjects\MultiLearn\.npmrc
5 silly config load:file:C:\Users\Dawn\.npmrc
6 silly config load:file:D:\nvm\node_global\etc\npmrc
7 verbose title npm exec typescript tsc --noEmit
8 verbose argv "exec" "--cache" ".\\.npm-cache" "--yes" "--" "typescript" "tsc" "--noEmit"
9 verbose logfile logs-max:10 dir:D:\WeChatProjects\MultiLearn\.npm-cache\_logs\2026-06-05T11_58_54_054Z-
10 verbose logfile D:\WeChatProjects\MultiLearn\.npm-cache\_logs\2026-06-05T11_58_54_054Z-debug-0.log
11 silly logfile done cleaning log files
12 silly packumentCache heap:4345298944 maxSize:1086324736 maxEntrySize:543162368
13 http fetch GET 200 https://registry.npmjs.org/npm 1705ms
14 http fetch GET 200 https://registry.npmjs.org/typescript 6219ms (cache miss)
15 verbose stack Error: could not determine executable to run
15 verbose stack     at getBinFromManifest (D:\nvm\v22.12.0\node_modules\npm\node_modules\libnpmexec\lib\get-bin-from-manifest.js:17:23)
15 verbose stack     at exec (D:\nvm\v22.12.0\node_modules\npm\node_modules\libnpmexec\lib\index.js:202:15)
15 verbose stack     at async Npm.exec (D:\nvm\v22.12.0\node_modules\npm\lib\npm.js:207:9)
15 verbose stack     at async module.exports (D:\nvm\v22.12.0\node_modules\npm\lib\cli\entry.js:74:5)
16 verbose pkgid typescript@6.0.3
17 error could not determine executable to run
18 verbose cwd D:\WeChatProjects\MultiLearn
19 verbose os Windows_NT 10.0.26200
20 verbose node v22.12.0
21 verbose npm  v10.9.0
22 notice
22 notice New major version of npm available! 10.9.0 -> 11.16.0
22 notice Changelog: https://github.com/npm/cli/releases/tag/v11.16.0
22 notice To update run: npm install -g npm@11.16.0
22 notice  { force: true, [Symbol(proc-log.meta)]: true }
23 verbose exit 1
24 verbose code 1
25 error A complete log of this run can be found in: D:\WeChatProjects\MultiLearn\.npm-cache\_logs\2026-06-05T11_58_54_054Z-debug-0.log
